<?xml version="1.0" encoding="UTF-8"?>
<!-- Generated by org.testng.reporters.JUnitReportReporter -->
<testsuite skipped="0" hostname="LIN51015122" name="APITests" tests="5" failures="0" timestamp="2021-12-29T15:12:52 IST" time="5.208" errors="0">
  <testcase name="testput" time="0.627" classname="APITests"/>
  <system-out/>
  <testcase name="testGet" time="0.679" classname="APITests"/>
  <system-out/>
  <testcase name="testPatch" time="0.648" classname="APITests"/>
  <system-out/>
  <testcase name="testPost" time="0.886" classname="APITests"/>
  <system-out/>
  <testcase name="testDelete" time="2.368" classname="APITests"/>
  <system-out/>
</testsuite> <!-- APITests -->
